alpha=1: [-11.21085472 -11.21085472]
alpha=1: [-11.21085472 -11.21085472]
alpha=1: [-11.21085472 -11.21085472]
alpha=1: [-11.21085472 -11.21085472]
alpha=1: [-11.21085472 -11.21085472]
alpha=1: [-11.21085472 -11.21085472]
alpha=1: [-11.21085472 -11.21085472]
alpha=1: [-11.21085472 -11.21085472]
alpha=1: [-11.21085472 -11.21085472]
alpha=1: [-11.21085472 -11.21085472]
alpha=1: [-11.21085472 -11.21085472]
alpha=1: [-11.21085472 -11.21085472]
alpha=1: [-11.21085472 -11.21085472]
alpha=1: [-11.21085472 -11.21085472]
alpha=1: [-11.21085472 -11.21085472]
alpha=1: [-11.21085472 -11.21085472]
alpha=1: [-11.21085472 -11.21085472]
alpha=1: [-11.21085472 -11.21085472]
alpha=1: [-11.21085472 -11.21085472]
alpha=1: [-11.21085472 -11.21085472]
alpha=1: [-11.21085472 -11.21085472]
alpha=1: [-11.21085472 -11.21085472]
alpha=1: [-11.21085472 -11.21085472]
alpha=1: [-11.21085472 -11.21085472]
alpha=1: [-11.21085472 -11.21085472]
alpha=1: [-11.21085472 -11.21085472]
alpha=1: [-11.21085472 -11.21085472]
alpha=1: [-11.21085472 -11.21085472]
alpha=1: [-11.21085472 -11.21085472]
alpha=1: [-11.21085472 -11.21085472]
alpha=1: [-11.21085472 -11.21085472]
alpha=1: [-11.21085472 -11.21085472]
alpha=1: [-11.21085472 -11.21085472]
alpha=1: [-11.21085472 -11.21085472]
alpha=1: [-11.21085472 -11.21085472]
alpha=1: [-11.21085472 -11.21085472]
alpha=1: [-11.21085472 -11.21085472]
alpha=1: [-11.21085472 -11.21085472]
alpha=1: [-11.21085472 -11.21085472]
alpha=1: [-11.21085472 -11.21085472]
alpha=1: [-11.21085472 -11.21085472]
alpha=1: [-11.21085472 -11.21085472]
alpha=1: [-11.21085472 -11.21085472]
alpha=1: [-11.21085472 -11.21085472]
alpha=1: [-11.21085472 -11.21085472]
alpha=1: [-11.21085472 -11.21085472]
alpha=1: [-11.21085472 -11.21085472]
alpha=1: [-11.21085472 -11.21085472]
alpha=1: [-11.21085472 -11.21085472]
alpha=1: [-11.21085472 -11.21085472]
alpha=1: [-11.21085472 -11.21085472]
alpha=1: [-11.21085472 -11.21085472]
alpha=1: [-11.21085472 -11.21085472]
alpha=1: [-11.21085472 -11.21085472]
alpha=1: [-11.21085472 -11.21085472]
alpha=1: [-11.21085472 -11.21085472]
alpha=1: [-11.21085472 -11.21085472]
alpha=1: [-11.21085472 -11.21085472]
alpha=1: [-11.21085472 -11.21085472]
alpha=1: [-11.21085472 -11.21085472]
alpha=1: [-11.21085472 -11.21085472]
alpha=1: [-11.21085472 -11.21085472]
alpha=1: [-11.21085472 -11.21085472]
alpha=1: [-11.21085472 -11.21085472]
alpha=1: [-11.21085472 -11.21085472]
alpha=1: [-11.21085472 -11.21085472]
alpha=1: [-11.21085472 -11.21085472]
alpha=1: [-11.21085472 -11.21085472]
alpha=1: [-11.21085472 -11.21085472]
alpha=1: [-11.21085472 -11.21085472]
alpha=1: [-11.21085472 -11.21085472]
alpha=1: [-11.21085472 -11.21085472]
alpha=1: [-11.21085472 -11.21085472]
alpha=1: [-11.21085472 -11.21085472]
alpha=1: [-11.21085472 -11.21085472]
alpha=1: [-11.21085472 -11.21085472]
alpha=1: [-11.21085472 -11.21085472]
alpha=1: [-11.21085472 -11.21085472]
alpha=1: [-11.21085472 -11.21085472]
alpha=1: [-11.21085472 -11.21085472]
alpha=1: [-11.21085472 -11.21085472]
alpha=1: [-11.21085472 -11.21085472]
alpha=1: [-11.21085472 -11.21085472]
alpha=1: [-11.21085472 -11.21085472]
alpha=1: [-11.21085472 -11.21085472]
alpha=1: [-11.21085472 -11.21085472]
alpha=1: [-11.21085472 -11.21085472]
alpha=1: [-11.21085472 -11.21085472]
alpha=1: [-11.21085472 -11.21085472]
alpha=1: [-11.21085472 -11.21085472]
alpha=1: [-11.21085472 -11.21085472]
alpha=1: [-11.21085472 -11.21085472]
alpha=1: [-11.21085472 -11.21085472]
alpha=1: [-11.21085472 -11.21085472]
alpha=1: [-11.21085472 -11.21085472]
alpha=1: [-11.21085472 -11.21085472]
alpha=1: [-11.21085472 -11.21085472]
alpha=1: [-11.21085472 -11.21085472]
alpha=1: [-11.21085472 -11.21085472]
alpha=1: [-11.21085472 -11.21085472]
alpha=1: [-11.21085472 -11.21085472]
alpha=1: [-11.21085472 -11.21085472]
alpha=1: [-11.21085472 -11.21085472]
alpha=1: [-11.21085472 -11.21085472]
alpha=1: [-11.21085472 -11.21085472]
alpha=1: [-11.21085472 -11.21085472]
alpha=1: [-11.21085472 -11.21085472]
alpha=1: [-11.21085472 -11.21085472]
alpha=1: [-11.21085472 -11.21085472]
alpha=1: [-11.21085472 -11.21085472]
alpha=1: [-11.21085472 -11.21085472]
alpha=1: [-11.21085472 -11.21085472]
alpha=1: [-11.21085472 -11.21085472]
alpha=1: [-11.21085472 -11.21085472]
alpha=1: [-11.21085472 -11.21085472]
alpha=1: [-11.21085472 -11.21085472]
alpha=1: [-11.21085472 -11.21085472]
alpha=1: [-11.21085472 -11.21085472]
alpha=1: [-11.21085472 -11.21085472]
alpha=1: [-11.21085472 -11.21085472]
alpha=1: [-11.21085472 -11.21085472]
alpha=1: [-11.21085472 -11.21085472]
alpha=1: [-11.21085472 -11.21085472]
alpha=1: [-11.21085472 -11.21085472]
alpha=1: [-11.21085472 -11.21085472]
alpha=1: [-11.21085472 -11.21085472]
alpha=1: [-11.21085472 -11.21085472]
alpha=1: [-11.21085472 -11.21085472]
alpha=1: [-11.21085472 -11.21085472]
alpha=1: [-11.21085472 -11.21085472]
alpha=1: [-11.21085472 -11.21085472]
alpha=1: [-11.21085472 -11.21085472]
alpha=1: [-11.21085472 -11.21085472]
alpha=1: [-11.21085472 -11.21085472]
alpha=1: [-11.21085472 -11.21085472]
alpha=1: [-11.21085472 -11.21085472]
alpha=1: [-11.21085472 -11.21085472]
alpha=1: [-11.21085472 -11.21085472]
alpha=1: [-11.21085472 -11.21085472]
alpha=1: [-11.21085472 -11.21085472]
alpha=1: [-11.21085472 -11.21085472]
alpha=1: [-11.21085472 -11.21085472]
alpha=1: [-11.21085472 -11.21085472]
alpha=1: [-11.21085472 -11.21085472]
alpha=1: [-11.21085472 -11.21085472]
alpha=1: [-11.21085472 -11.21085472]
alpha=1: [-11.21085472 -11.21085472]
alpha=1: [-11.21085472 -11.21085472]
alpha=1: [-11.21085472 -11.21085472]
alpha=1: [-11.21085472 -11.21085472]
alpha=1: [-11.21085472 -11.21085472]
alpha=1: [-11.21085472 -11.21085472]
alpha=1: [-11.21085472 -11.21085472]
alpha=1: [-11.21085472 -11.21085472]
alpha=1: [-11.21085472 -11.21085472]
alpha=1: [-11.21085472 -11.21085472]
alpha=1: [-11.21085472 -11.21085472]
alpha=1: [-11.21085472 -11.21085472]
alpha=1: [-11.21085472 -11.21085472]
alpha=1: [-11.21085472 -11.21085472]
alpha=1: [-11.21085472 -11.21085472]
alpha=1: [-11.21085472 -11.21085472]
alpha=1: [-11.21085472 -11.21085472]
alpha=1: [-11.21085472 -11.21085472]
alpha=1: [-11.21085472 -11.21085472]
alpha=1: [-11.21085472 -11.21085472]
alpha=1: [-11.21085472 -11.21085472]
alpha=1: [-11.21085472 -11.21085472]
alpha=1: [-11.21085472 -11.21085472]
alpha=1: [-11.21085472 -11.21085472]
alpha=1: [-11.21085472 -11.21085472]
alpha=1: [-11.21085472 -11.21085472]
alpha=1: [-11.21085472 -11.21085472]
alpha=1: [-11.21085472 -11.21085472]
alpha=1: [-11.21085472 -11.21085472]
alpha=1: [-11.21085472 -11.21085472]
alpha=1: [-11.21085472 -11.21085472]
alpha=1: [-11.21085472 -11.21085472]
alpha=1: [-11.21085472 -11.21085472]
alpha=1: [-11.21085472 -11.21085472]
alpha=1: [-11.21085472 -11.21085472]
alpha=1: [-11.21085472 -11.21085472]
alpha=1: [-11.21085472 -11.21085472]
alpha=1: [-11.21085472 -11.21085472]
alpha=1: [-11.21085472 -11.21085472]
alpha=1: [-11.21085472 -11.21085472]
alpha=1: [-11.21085472 -11.21085472]
alpha=1: [-11.21085472 -11.21085472]
alpha=1: [-11.21085472 -11.21085472]
alpha=1: [-11.21085472 -11.21085472]
alpha=1: [-11.21085472 -11.21085472]
alpha=1: [-11.21085472 -11.21085472]
alpha=1: [-11.21085472 -11.21085472]
alpha=1: [-11.21085472 -11.21085472]
alpha=1: [-11.21085472 -11.21085472]
alpha=1: [-11.21085472 -11.21085472]
alpha=1: [-11.21085472 -11.21085472]
alpha=1: [-11.21085472 -11.21085472]
alpha=1: [-11.21085472 -11.21085472]
alpha=1: [-11.21085472 -11.21085472]
alpha=0.1: [1.57891453 1.57891453]
alpha=0.1: [-0.19744231  0.33546474]
alpha=0.1: [-0.19744231 -0.19744231]
alpha=0.1: [-0.37507799 -0.90798505]
alpha=0.1: [-0.55271368 -1.35207426]
alpha=0.1: [-0.68594044 -1.75175455]
alpha=0.1: [-0.75255382 -2.01820807]
alpha=0.1: [-0.8191672  -2.17363929]
alpha=0.1: [-0.87467836 -2.2846616 ]
alpha=0.1: [-0.91908728 -2.40678613]
alpha=0.1: [-0.95239397 -2.5067062 ]
alpha=0.1: [-0.98570066 -2.58997293]
alpha=0.1: [-1.01345623 -2.6510352 ]
alpha=0.1: [-1.03566069 -2.71209746]
alpha=0.1: [-1.05231404 -2.75095527]
alpha=0.1: [-1.06341627 -2.7814864 ]
alpha=0.1: [-1.06896739 -2.80646642]
alpha=0.1: [-1.07174294 -2.82589532]
alpha=0.1: [-1.08006962 -2.84809978]
alpha=0.1: [-1.09117185 -2.86475313]
alpha=0.1: [-1.09672296 -2.87863092]
alpha=0.1: [-1.09672296 -2.89389648]
alpha=0.1: [-1.09533518 -2.8994476 ]
alpha=0.1: [-1.0939474  -2.91054983]
alpha=0.1: [-1.09949852 -2.92026428]
alpha=0.1: [-1.09811074 -2.92303984]
alpha=0.1: [-1.09533518 -2.92165206]
alpha=0.1: [-1.09255962 -2.92165206]
alpha=0.1: [-1.09255962 -2.93136651]
alpha=0.1: [-1.09533518 -2.93414207]
alpha=0.1: [-1.09672296 -2.93552985]
alpha=0.1: [-1.09811074 -2.94246874]
alpha=0.1: [-1.0939474 -2.9383054]
alpha=0.1: [-1.09533518 -2.93691762]
alpha=0.1: [-1.1008863  -2.93691762]
alpha=0.1: [-1.10227408 -2.9383054 ]
alpha=0.1: [-1.09949852 -2.94108096]
alpha=0.1: [-1.1008863  -2.94246874]
alpha=0.1: [-1.1008863 -2.9452443]
alpha=0.1: [-1.1008863 -2.9452443]
alpha=0.1: [-1.1008863 -2.9452443]
alpha=0.1: [-1.1008863 -2.9452443]
alpha=0.1: [-1.1008863 -2.9452443]
alpha=0.1: [-1.1008863 -2.9452443]
alpha=0.1: [-1.1008863 -2.9452443]
alpha=0.1: [-1.1008863 -2.9452443]
alpha=0.1: [-1.1008863 -2.9452443]
alpha=0.1: [-1.1008863 -2.9452443]
alpha=0.1: [-1.1008863 -2.9452443]
alpha=0.1: [-1.1008863 -2.9452443]
alpha=0.1: [-1.1008863 -2.9452443]
alpha=0.1: [-1.1008863 -2.9452443]
alpha=0.1: [-1.1008863 -2.9452443]
alpha=0.1: [-1.1008863 -2.9452443]
alpha=0.1: [-1.1008863 -2.9452443]
alpha=0.1: [-1.1008863 -2.9452443]
alpha=0.1: [-1.1008863 -2.9452443]
alpha=0.1: [-1.1008863 -2.9452443]
alpha=0.1: [-1.1008863 -2.9452443]
alpha=0.1: [-1.1008863 -2.9452443]
alpha=0.1: [-1.1008863 -2.9452443]
alpha=0.1: [-1.1008863 -2.9452443]
alpha=0.1: [-1.1008863 -2.9452443]
alpha=0.1: [-1.1008863 -2.9452443]
alpha=0.1: [-1.1008863 -2.9452443]
alpha=0.1: [-1.1008863 -2.9452443]
alpha=0.1: [-1.1008863 -2.9452443]
alpha=0.1: [-1.1008863 -2.9452443]
alpha=0.1: [-1.1008863 -2.9452443]
alpha=0.1: [-1.1008863 -2.9452443]
alpha=0.1: [-1.1008863 -2.9452443]
alpha=0.1: [-1.1008863 -2.9452443]
alpha=0.1: [-1.1008863 -2.9452443]
alpha=0.1: [-1.1008863 -2.9452443]
alpha=0.1: [-1.1008863 -2.9452443]
alpha=0.1: [-1.1008863 -2.9452443]
alpha=0.1: [-1.1008863 -2.9452443]
alpha=0.1: [-1.1008863 -2.9452443]
alpha=0.1: [-1.1008863 -2.9452443]
alpha=0.1: [-1.1008863 -2.9452443]
alpha=0.1: [-1.1008863 -2.9452443]
alpha=0.1: [-1.1008863 -2.9452443]
alpha=0.1: [-1.1008863 -2.9452443]
alpha=0.1: [-1.1008863 -2.9452443]
alpha=0.1: [-1.1008863 -2.9452443]
alpha=0.1: [-1.1008863 -2.9452443]
alpha=0.1: [-1.1008863 -2.9452443]
alpha=0.1: [-1.1008863 -2.9452443]
alpha=0.1: [-1.1008863 -2.9452443]
alpha=0.1: [-1.1008863 -2.9452443]
alpha=0.1: [-1.1008863 -2.9452443]
alpha=0.1: [-1.1008863 -2.9452443]
alpha=0.1: [-1.1008863 -2.9452443]
alpha=0.1: [-1.1008863 -2.9452443]
alpha=0.1: [-1.1008863 -2.9452443]
alpha=0.1: [-1.1008863 -2.9452443]
alpha=0.1: [-1.1008863 -2.9452443]
alpha=0.1: [-1.1008863 -2.9452443]
alpha=0.1: [-1.1008863 -2.9452443]
alpha=0.1: [-1.1008863 -2.9452443]
alpha=0.1: [-1.1008863 -2.9452443]
alpha=0.1: [-1.1008863 -2.9452443]
alpha=0.1: [-1.1008863 -2.9452443]
alpha=0.1: [-1.1008863 -2.9452443]
alpha=0.1: [-1.1008863 -2.9452443]
alpha=0.1: [-1.1008863 -2.9452443]
alpha=0.1: [-1.1008863 -2.9452443]
alpha=0.1: [-1.1008863 -2.9452443]
alpha=0.1: [-1.1008863 -2.9452443]
alpha=0.1: [-1.1008863 -2.9452443]
alpha=0.1: [-1.1008863 -2.9452443]
alpha=0.1: [-1.1008863 -2.9452443]
alpha=0.1: [-1.1008863 -2.9452443]
alpha=0.1: [-1.1008863 -2.9452443]
alpha=0.1: [-1.1008863 -2.9452443]
alpha=0.1: [-1.1008863 -2.9452443]
alpha=0.1: [-1.1008863 -2.9452443]
alpha=0.1: [-1.1008863 -2.9452443]
alpha=0.1: [-1.1008863 -2.9452443]
alpha=0.1: [-1.1008863 -2.9452443]
alpha=0.1: [-1.1008863 -2.9452443]
alpha=0.1: [-1.1008863 -2.9452443]
alpha=0.1: [-1.1008863 -2.9452443]
alpha=0.1: [-1.1008863 -2.9452443]
alpha=0.1: [-1.1008863 -2.9452443]
alpha=0.1: [-1.1008863 -2.9452443]
alpha=0.1: [-1.1008863 -2.9452443]
alpha=0.1: [-1.1008863 -2.9452443]
alpha=0.1: [-1.1008863 -2.9452443]
alpha=0.1: [-1.1008863 -2.9452443]
alpha=0.1: [-1.1008863 -2.9452443]
alpha=0.1: [-1.1008863 -2.9452443]
alpha=0.1: [-1.1008863 -2.9452443]
alpha=0.1: [-1.1008863 -2.9452443]
alpha=0.1: [-1.1008863 -2.9452443]
alpha=0.1: [-1.1008863 -2.9452443]
alpha=0.1: [-1.1008863 -2.9452443]
alpha=0.1: [-1.1008863 -2.9452443]
alpha=0.1: [-1.1008863 -2.9452443]
alpha=0.1: [-1.1008863 -2.9452443]
alpha=0.1: [-1.1008863 -2.9452443]
alpha=0.1: [-1.1008863 -2.9452443]
alpha=0.1: [-1.1008863 -2.9452443]
alpha=0.1: [-1.1008863 -2.9452443]
alpha=0.1: [-1.1008863 -2.9452443]
alpha=0.1: [-1.1008863 -2.9452443]
alpha=0.1: [-1.1008863 -2.9452443]
alpha=0.1: [-1.1008863 -2.9452443]
alpha=0.1: [-1.1008863 -2.9452443]
alpha=0.1: [-1.1008863 -2.9452443]
alpha=0.1: [-1.1008863 -2.9452443]
alpha=0.1: [-1.1008863 -2.9452443]
alpha=0.1: [-1.1008863 -2.9452443]
alpha=0.1: [-1.1008863 -2.9452443]
alpha=0.1: [-1.1008863 -2.9452443]
alpha=0.1: [-1.1008863 -2.9452443]
alpha=0.1: [-1.1008863 -2.9452443]
alpha=0.1: [-1.1008863 -2.9452443]
alpha=0.1: [-1.1008863 -2.9452443]
alpha=0.1: [-1.1008863 -2.9452443]
alpha=0.1: [-1.1008863 -2.9452443]
alpha=0.1: [-1.1008863 -2.9452443]
alpha=0.1: [-1.1008863 -2.9452443]
alpha=0.1: [-1.1008863 -2.9452443]
alpha=0.1: [-1.1008863 -2.9452443]
alpha=0.1: [-1.1008863 -2.9452443]
alpha=0.1: [-1.1008863 -2.9452443]
alpha=0.1: [-1.1008863 -2.9452443]
alpha=0.1: [-1.1008863 -2.9452443]
alpha=0.1: [-1.1008863 -2.9452443]
alpha=0.1: [-1.1008863 -2.9452443]
alpha=0.1: [-1.1008863 -2.9452443]
alpha=0.1: [-1.1008863 -2.9452443]
alpha=0.1: [-1.1008863 -2.9452443]
alpha=0.1: [-1.1008863 -2.9452443]
alpha=0.1: [-1.1008863 -2.9452443]
alpha=0.1: [-1.1008863 -2.9452443]
alpha=0.1: [-1.1008863 -2.9452443]
alpha=0.1: [-1.1008863 -2.9452443]
alpha=0.1: [-1.1008863 -2.9452443]
alpha=0.1: [-1.1008863 -2.9452443]
alpha=0.1: [-1.1008863 -2.9452443]
alpha=0.1: [-1.1008863 -2.9452443]
alpha=0.1: [-1.1008863 -2.9452443]
alpha=0.1: [-1.1008863 -2.9452443]
alpha=0.1: [-1.1008863 -2.9452443]
alpha=0.1: [-1.1008863 -2.9452443]
alpha=0.1: [-1.1008863 -2.9452443]
alpha=0.1: [-1.1008863 -2.9452443]
alpha=0.1: [-1.1008863 -2.9452443]
alpha=0.1: [-1.1008863 -2.9452443]
alpha=0.1: [-1.1008863 -2.9452443]
alpha=0.1: [-1.1008863 -2.9452443]
alpha=0.1: [-1.1008863 -2.9452443]
alpha=0.1: [-1.1008863 -2.9452443]
alpha=0.1: [-1.1008863 -2.9452443]
alpha=0.1: [-1.1008863 -2.9452443]
alpha=0.1: [-1.1008863 -2.9452443]
alpha=0.1: [-1.1008863 -2.9452443]
alpha=0.1: [-1.1008863 -2.9452443]
alpha=0.01: [2.85789145 2.85789145]
alpha=0.01: [2.78683718 2.64472863]
alpha=0.01: [2.71578291 2.57367436]
alpha=0.01: [2.64472863 2.50262008]
alpha=0.01: [2.57367436 2.43156581]
alpha=0.01: [2.36051154 2.21840299]
alpha=0.01: [2.14734872 2.00524017]
alpha=0.01: [1.96971303 1.9341859 ]
alpha=0.01: [1.75655021 1.72102308]
alpha=0.01: [1.50786025 1.52562382]
alpha=0.01: [1.34798814 1.41016063]
alpha=0.01: [1.23252494 1.33022457]
alpha=0.01: [1.15702978 1.26805208]
alpha=0.01: [1.10373907 1.22364316]
alpha=0.01: [1.05266881 1.18367513]
alpha=0.01: [1.01936212 1.15925023]
alpha=0.01: [0.99715766 1.13926621]
alpha=0.01: [0.9793941  1.12594353]
alpha=0.01: [0.96829186 1.11262086]
alpha=0.01: [0.95718963 1.10373907]
alpha=0.01: [0.94830785 1.09707774]
alpha=0.01: [0.93498517 1.08597551]
alpha=0.01: [0.92610339 1.07709372]
alpha=0.01: [0.9216625  1.07709372]
alpha=0.01: [0.91722161 1.07487328]
alpha=0.01: [0.91278071 1.07265283]
alpha=0.01: [0.91278071 1.07043238]
alpha=0.01: [0.91056027 1.07043238]
alpha=0.01: [0.90833982 1.06599149]
alpha=0.01: [0.90611938 1.06377105]
alpha=0.01: [0.90611938 1.06599149]
alpha=0.01: [0.90611938 1.06821194]
alpha=0.01: [0.90389893 1.07043238]
alpha=0.01: [0.90389893 1.07043238]
alpha=0.01: [0.90389893 1.07043238]
alpha=0.01: [0.90389893 1.07043238]
alpha=0.01: [0.90389893 1.07043238]
alpha=0.01: [0.90389893 1.07043238]
alpha=0.01: [0.90389893 1.07043238]
alpha=0.01: [0.90389893 1.07043238]
alpha=0.01: [0.90389893 1.07043238]
alpha=0.01: [0.90389893 1.07043238]
alpha=0.01: [0.90389893 1.07043238]
alpha=0.01: [0.90389893 1.07043238]
alpha=0.01: [0.90389893 1.07043238]
alpha=0.01: [0.90389893 1.07043238]
alpha=0.01: [0.90389893 1.07043238]
alpha=0.01: [0.90389893 1.07043238]
alpha=0.01: [0.90389893 1.07043238]
alpha=0.01: [0.90389893 1.07043238]
alpha=0.01: [0.90389893 1.07043238]
alpha=0.01: [0.90389893 1.07043238]
alpha=0.01: [0.90389893 1.07043238]
alpha=0.01: [0.90389893 1.07043238]
alpha=0.01: [0.90389893 1.07043238]
alpha=0.01: [0.90389893 1.07043238]
alpha=0.01: [0.90389893 1.07043238]
alpha=0.01: [0.90389893 1.07043238]
alpha=0.01: [0.90389893 1.07043238]
alpha=0.01: [0.90389893 1.07043238]
alpha=0.01: [0.90389893 1.07043238]
alpha=0.01: [0.90389893 1.07043238]
alpha=0.01: [0.90389893 1.07043238]
alpha=0.01: [0.90389893 1.07043238]
alpha=0.01: [0.90389893 1.07043238]
alpha=0.01: [0.90389893 1.07043238]
alpha=0.01: [0.90389893 1.07043238]
alpha=0.01: [0.90389893 1.07043238]
alpha=0.01: [0.90389893 1.07043238]
alpha=0.01: [0.90389893 1.07043238]
alpha=0.01: [0.90389893 1.07043238]
alpha=0.01: [0.90389893 1.07043238]
alpha=0.01: [0.90389893 1.07043238]
alpha=0.01: [0.90389893 1.07043238]
alpha=0.01: [0.90389893 1.07043238]
alpha=0.01: [0.90389893 1.07043238]
alpha=0.01: [0.90389893 1.07043238]
alpha=0.01: [0.90389893 1.07043238]
alpha=0.01: [0.90389893 1.07043238]
alpha=0.01: [0.90389893 1.07043238]
alpha=0.01: [0.90389893 1.07043238]
alpha=0.01: [0.90389893 1.07043238]
alpha=0.01: [0.90389893 1.07043238]
alpha=0.01: [0.90389893 1.07043238]
alpha=0.01: [0.90389893 1.07043238]
alpha=0.01: [0.90389893 1.07043238]
alpha=0.01: [0.90389893 1.07043238]
alpha=0.01: [0.90389893 1.07043238]
alpha=0.01: [0.90389893 1.07043238]
alpha=0.01: [0.90389893 1.07043238]
alpha=0.01: [0.90389893 1.07043238]
alpha=0.01: [0.90389893 1.07043238]
alpha=0.01: [0.90389893 1.07043238]
alpha=0.01: [0.90389893 1.07043238]
alpha=0.01: [0.90389893 1.07043238]
alpha=0.01: [0.90389893 1.07043238]
alpha=0.01: [0.90389893 1.07043238]
alpha=0.01: [0.90389893 1.07043238]
alpha=0.01: [0.90389893 1.07043238]
alpha=0.01: [0.90389893 1.07043238]
alpha=0.01: [0.90389893 1.07043238]
alpha=0.01: [0.90389893 1.07043238]
alpha=0.01: [0.90389893 1.07043238]
alpha=0.01: [0.90389893 1.07043238]
alpha=0.01: [0.90389893 1.07043238]
alpha=0.01: [0.90389893 1.07043238]
alpha=0.01: [0.90389893 1.07043238]
alpha=0.01: [0.90389893 1.07043238]
alpha=0.01: [0.90389893 1.07043238]
alpha=0.01: [0.90389893 1.07043238]
alpha=0.01: [0.90389893 1.07043238]
alpha=0.01: [0.90389893 1.07043238]
alpha=0.01: [0.90389893 1.07043238]
alpha=0.01: [0.90389893 1.07043238]
alpha=0.01: [0.90389893 1.07043238]
alpha=0.01: [0.90389893 1.07043238]
alpha=0.01: [0.90389893 1.07043238]
alpha=0.01: [0.90389893 1.07043238]
alpha=0.01: [0.90389893 1.07043238]
alpha=0.01: [0.90389893 1.07043238]
alpha=0.01: [0.90389893 1.07043238]
alpha=0.01: [0.90389893 1.07043238]
alpha=0.01: [0.90389893 1.07043238]
alpha=0.01: [0.90389893 1.07043238]
alpha=0.01: [0.90389893 1.07043238]
alpha=0.01: [0.90389893 1.07043238]
alpha=0.01: [0.90389893 1.07043238]
alpha=0.01: [0.90389893 1.07043238]
alpha=0.01: [0.90389893 1.07043238]
alpha=0.01: [0.90389893 1.07043238]
alpha=0.01: [0.90389893 1.07043238]
alpha=0.01: [0.90389893 1.07043238]
alpha=0.01: [0.90389893 1.07043238]
alpha=0.01: [0.90389893 1.07043238]
alpha=0.01: [0.90389893 1.07043238]
alpha=0.01: [0.90389893 1.07043238]
alpha=0.01: [0.90389893 1.07043238]
alpha=0.01: [0.90389893 1.07043238]
alpha=0.01: [0.90389893 1.07043238]
alpha=0.01: [0.90389893 1.07043238]
alpha=0.01: [0.90389893 1.07043238]
alpha=0.01: [0.90389893 1.07043238]
alpha=0.01: [0.90389893 1.07043238]
alpha=0.01: [0.90389893 1.07043238]
alpha=0.01: [0.90389893 1.07043238]
alpha=0.01: [0.90389893 1.07043238]
alpha=0.01: [0.90389893 1.07043238]
alpha=0.01: [0.90389893 1.07043238]
alpha=0.01: [0.90389893 1.07043238]
alpha=0.01: [0.90389893 1.07043238]
alpha=0.01: [0.90389893 1.07043238]
alpha=0.01: [0.90389893 1.07043238]
alpha=0.01: [0.90389893 1.07043238]
alpha=0.01: [0.90389893 1.07043238]
alpha=0.01: [0.90389893 1.07043238]
alpha=0.01: [0.90389893 1.07043238]
alpha=0.01: [0.90389893 1.07043238]
alpha=0.01: [0.90389893 1.07043238]
alpha=0.01: [0.90389893 1.07043238]
alpha=0.01: [0.90389893 1.07043238]
alpha=0.01: [0.90389893 1.07043238]
alpha=0.01: [0.90389893 1.07043238]
alpha=0.01: [0.90389893 1.07043238]
alpha=0.01: [0.90389893 1.07043238]
alpha=0.01: [0.90389893 1.07043238]
alpha=0.01: [0.90389893 1.07043238]
alpha=0.01: [0.90389893 1.07043238]
alpha=0.01: [0.90389893 1.07043238]
alpha=0.01: [0.90389893 1.07043238]
alpha=0.01: [0.90389893 1.07043238]
alpha=0.01: [0.90389893 1.07043238]
alpha=0.01: [0.90389893 1.07043238]
alpha=0.01: [0.90389893 1.07043238]
alpha=0.01: [0.90389893 1.07043238]
alpha=0.01: [0.90389893 1.07043238]
alpha=0.01: [0.90389893 1.07043238]
alpha=0.01: [0.90389893 1.07043238]
alpha=0.01: [0.90389893 1.07043238]
alpha=0.01: [0.90389893 1.07043238]
alpha=0.01: [0.90389893 1.07043238]
alpha=0.01: [0.90389893 1.07043238]
alpha=0.01: [0.90389893 1.07043238]
alpha=0.01: [0.90389893 1.07043238]
alpha=0.01: [0.90389893 1.07043238]
alpha=0.01: [0.90389893 1.07043238]
alpha=0.01: [0.90389893 1.07043238]
alpha=0.01: [0.90389893 1.07043238]
alpha=0.01: [0.90389893 1.07043238]
alpha=0.01: [0.90389893 1.07043238]
alpha=0.01: [0.90389893 1.07043238]
alpha=0.01: [0.90389893 1.07043238]
alpha=0.01: [0.90389893 1.07043238]
alpha=0.01: [0.90389893 1.07043238]
alpha=0.01: [0.90389893 1.07043238]
alpha=0.01: [0.90389893 1.07043238]
alpha=0.01: [0.90389893 1.07043238]
alpha=0.01: [0.90389893 1.07043238]
alpha=0.01: [0.90389893 1.07043238]
alpha=0.01: [0.90389893 1.07043238]
alpha=0.01: [0.90389893 1.07043238]
alpha=0.001: [2.98578915 2.98578915]
alpha=0.001: [2.98578915 2.98578915]
alpha=0.001: [2.98578915 2.98578915]
alpha=0.001: [2.98578915 2.98578915]
alpha=0.001: [2.98578915 2.98578915]
alpha=0.001: [2.98578915 2.98578915]
alpha=0.001: [2.98578915 2.98578915]
alpha=0.001: [2.98578915 2.98578915]
alpha=0.001: [2.98578915 2.98578915]
alpha=0.001: [2.98578915 2.98578915]
alpha=0.001: [2.98578915 2.98578915]
alpha=0.001: [2.98578915 2.98578915]
alpha=0.001: [2.98578915 2.98578915]
alpha=0.001: [2.98578915 2.98578915]
alpha=0.001: [2.98578915 2.98578915]
alpha=0.001: [2.98578915 2.98578915]
alpha=0.001: [2.98578915 2.98578915]
alpha=0.001: [2.98578915 2.98578915]
alpha=0.001: [2.98578915 2.98578915]
alpha=0.001: [2.98578915 2.98578915]
alpha=0.001: [2.98578915 2.98578915]
alpha=0.001: [2.98578915 2.98578915]
alpha=0.001: [2.98578915 2.98578915]
alpha=0.001: [2.98578915 2.98578915]
alpha=0.001: [2.98578915 2.98578915]
alpha=0.001: [2.98578915 2.98578915]
alpha=0.001: [2.98578915 2.98578915]
alpha=0.001: [2.98578915 2.98578915]
alpha=0.001: [2.98578915 2.98578915]
alpha=0.001: [2.98578915 2.98578915]
alpha=0.001: [2.98578915 2.98578915]
alpha=0.001: [2.98578915 2.98578915]
alpha=0.001: [2.98578915 2.98578915]
alpha=0.001: [2.98578915 2.98578915]
alpha=0.001: [2.98578915 2.98578915]
alpha=0.001: [2.98578915 2.98578915]
alpha=0.001: [2.98578915 2.98578915]
alpha=0.001: [2.98578915 2.98578915]
alpha=0.001: [2.98578915 2.98578915]
alpha=0.001: [2.98578915 2.98578915]
alpha=0.001: [2.98578915 2.98578915]
alpha=0.001: [2.98578915 2.98578915]
alpha=0.001: [2.98578915 2.98578915]
alpha=0.001: [2.98578915 2.98578915]
alpha=0.001: [2.98578915 2.98578915]
alpha=0.001: [2.98578915 2.98578915]
alpha=0.001: [2.98578915 2.98578915]
alpha=0.001: [2.98578915 2.98578915]
alpha=0.001: [2.98578915 2.98578915]
alpha=0.001: [2.98578915 2.98578915]
alpha=0.001: [2.98578915 2.98578915]
alpha=0.001: [2.98578915 2.98578915]
alpha=0.001: [2.98578915 2.98578915]
alpha=0.001: [2.98578915 2.98578915]
alpha=0.001: [2.98578915 2.98578915]
alpha=0.001: [2.98578915 2.98578915]
alpha=0.001: [2.98578915 2.98578915]
alpha=0.001: [2.98578915 2.98578915]
alpha=0.001: [2.98578915 2.98578915]
alpha=0.001: [2.98578915 2.98578915]
alpha=0.001: [2.98578915 2.98578915]
alpha=0.001: [2.98578915 2.98578915]
alpha=0.001: [2.98578915 2.98578915]
alpha=0.001: [2.98578915 2.98578915]
alpha=0.001: [2.98578915 2.98578915]
alpha=0.001: [2.98578915 2.98578915]
alpha=0.001: [2.98578915 2.98578915]
alpha=0.001: [2.98578915 2.98578915]
alpha=0.001: [2.98578915 2.98578915]
alpha=0.001: [2.98578915 2.98578915]
alpha=0.001: [2.98578915 2.98578915]
alpha=0.001: [2.98578915 2.98578915]
alpha=0.001: [2.98578915 2.98578915]
alpha=0.001: [2.98578915 2.98578915]
alpha=0.001: [2.98578915 2.98578915]
alpha=0.001: [2.98578915 2.98578915]
alpha=0.001: [2.98578915 2.98578915]
alpha=0.001: [2.98578915 2.98578915]
alpha=0.001: [2.98578915 2.98578915]
alpha=0.001: [2.98578915 2.98578915]
alpha=0.001: [2.98578915 2.98578915]
alpha=0.001: [2.98578915 2.98578915]
alpha=0.001: [2.98578915 2.98578915]
alpha=0.001: [2.98578915 2.98578915]
alpha=0.001: [2.98578915 2.98578915]
alpha=0.001: [2.98578915 2.98578915]
alpha=0.001: [2.98578915 2.98578915]
alpha=0.001: [2.98578915 2.98578915]
alpha=0.001: [2.98578915 2.98578915]
alpha=0.001: [2.98578915 2.98578915]
alpha=0.001: [2.98578915 2.98578915]
alpha=0.001: [2.98578915 2.98578915]
alpha=0.001: [2.98578915 2.98578915]
alpha=0.001: [2.98578915 2.98578915]
alpha=0.001: [2.98578915 2.98578915]
alpha=0.001: [2.98578915 2.98578915]
alpha=0.001: [2.98578915 2.98578915]
alpha=0.001: [2.98578915 2.98578915]
alpha=0.001: [2.98578915 2.98578915]
alpha=0.001: [2.98578915 2.98578915]
alpha=0.001: [2.98578915 2.98578915]
alpha=0.001: [2.98578915 2.98578915]
alpha=0.001: [2.98578915 2.98578915]
alpha=0.001: [2.98578915 2.98578915]
alpha=0.001: [2.98578915 2.98578915]
alpha=0.001: [2.98578915 2.98578915]
alpha=0.001: [2.98578915 2.98578915]
alpha=0.001: [2.98578915 2.98578915]
alpha=0.001: [2.98578915 2.98578915]
alpha=0.001: [2.98578915 2.98578915]
alpha=0.001: [2.98578915 2.98578915]
alpha=0.001: [2.98578915 2.98578915]
alpha=0.001: [2.98578915 2.98578915]
alpha=0.001: [2.98578915 2.98578915]
alpha=0.001: [2.98578915 2.98578915]
alpha=0.001: [2.98578915 2.98578915]
alpha=0.001: [2.98578915 2.98578915]
alpha=0.001: [2.98578915 2.98578915]
alpha=0.001: [2.98578915 2.98578915]
alpha=0.001: [2.98578915 2.98578915]
alpha=0.001: [2.98578915 2.98578915]
alpha=0.001: [2.98578915 2.98578915]
alpha=0.001: [2.98578915 2.98578915]
alpha=0.001: [2.98578915 2.98578915]
alpha=0.001: [2.98578915 2.98578915]
alpha=0.001: [2.98578915 2.98578915]
alpha=0.001: [2.98578915 2.98578915]
alpha=0.001: [2.98578915 2.98578915]
alpha=0.001: [2.98578915 2.98578915]
alpha=0.001: [2.98578915 2.98578915]
alpha=0.001: [2.98578915 2.98578915]
alpha=0.001: [2.98578915 2.98578915]
alpha=0.001: [2.98578915 2.98578915]
alpha=0.001: [2.98578915 2.98578915]
alpha=0.001: [2.98578915 2.98578915]
alpha=0.001: [2.98578915 2.98578915]
alpha=0.001: [2.98578915 2.98578915]
alpha=0.001: [2.98578915 2.98578915]
alpha=0.001: [2.98578915 2.98578915]
alpha=0.001: [2.98578915 2.98578915]
alpha=0.001: [2.98578915 2.98578915]
alpha=0.001: [2.98578915 2.98578915]
alpha=0.001: [2.98578915 2.98578915]
alpha=0.001: [2.98578915 2.98578915]
alpha=0.001: [2.98578915 2.98578915]
alpha=0.001: [2.98578915 2.98578915]
alpha=0.001: [2.98578915 2.98578915]
alpha=0.001: [2.98578915 2.98578915]
alpha=0.001: [2.98578915 2.98578915]
alpha=0.001: [2.98578915 2.98578915]
alpha=0.001: [2.98578915 2.98578915]
alpha=0.001: [2.98578915 2.98578915]
alpha=0.001: [2.98578915 2.98578915]
alpha=0.001: [2.98578915 2.98578915]
alpha=0.001: [2.98578915 2.98578915]
alpha=0.001: [2.98578915 2.98578915]
alpha=0.001: [2.98578915 2.98578915]
alpha=0.001: [2.98578915 2.98578915]
alpha=0.001: [2.98578915 2.98578915]
alpha=0.001: [2.98578915 2.98578915]
alpha=0.001: [2.98578915 2.98578915]
alpha=0.001: [2.98578915 2.98578915]
alpha=0.001: [2.98578915 2.98578915]
alpha=0.001: [2.98578915 2.98578915]
alpha=0.001: [2.98578915 2.98578915]
alpha=0.001: [2.98578915 2.98578915]
alpha=0.001: [2.98578915 2.98578915]
alpha=0.001: [2.98578915 2.98578915]
alpha=0.001: [2.98578915 2.98578915]
alpha=0.001: [2.98578915 2.98578915]
alpha=0.001: [2.98578915 2.98578915]
alpha=0.001: [2.98578915 2.98578915]
alpha=0.001: [2.98578915 2.98578915]
alpha=0.001: [2.98578915 2.98578915]
alpha=0.001: [2.98578915 2.98578915]
alpha=0.001: [2.98578915 2.98578915]
alpha=0.001: [2.98578915 2.98578915]
alpha=0.001: [2.98578915 2.98578915]
alpha=0.001: [2.98578915 2.98578915]
alpha=0.001: [2.98578915 2.98578915]
alpha=0.001: [2.98578915 2.98578915]
alpha=0.001: [2.98578915 2.98578915]
alpha=0.001: [2.98578915 2.98578915]
alpha=0.001: [2.98578915 2.98578915]
alpha=0.001: [2.98578915 2.98578915]
alpha=0.001: [2.98578915 2.98578915]
alpha=0.001: [2.98578915 2.98578915]
alpha=0.001: [2.98578915 2.98578915]
alpha=0.001: [2.98578915 2.98578915]
alpha=0.001: [2.98578915 2.98578915]
alpha=0.001: [2.98578915 2.98578915]
alpha=0.001: [2.98578915 2.98578915]
alpha=0.001: [2.98578915 2.98578915]
alpha=0.001: [2.98578915 2.98578915]
alpha=0.001: [2.98578915 2.98578915]
alpha=0.001: [2.98578915 2.98578915]
alpha=0.001: [2.98578915 2.98578915]
alpha=0.001: [2.98578915 2.98578915]
alpha=0.001: [2.98578915 2.98578915]
alpha=0.001: [2.98578915 2.98578915]
alpha=0.0001: [2.99857891 2.99857891]
alpha=0.0001: [2.99786837 2.99715783]
alpha=0.0001: [2.99786837 2.99715783]
alpha=0.0001: [2.99786837 2.99715783]
alpha=0.0001: [2.99786837 2.99715783]
alpha=0.0001: [2.99786837 2.99715783]
alpha=0.0001: [2.99786837 2.99715783]
alpha=0.0001: [2.99786837 2.99715783]
alpha=0.0001: [2.99786837 2.99715783]
alpha=0.0001: [2.99786837 2.99715783]
alpha=0.0001: [2.99786837 2.99715783]
alpha=0.0001: [2.99786837 2.99715783]
alpha=0.0001: [2.99786837 2.99715783]
alpha=0.0001: [2.99786837 2.99715783]
alpha=0.0001: [2.99786837 2.99715783]
alpha=0.0001: [2.99786837 2.99715783]
alpha=0.0001: [2.99786837 2.99715783]
alpha=0.0001: [2.99786837 2.99715783]
alpha=0.0001: [2.99786837 2.99715783]
alpha=0.0001: [2.99786837 2.99715783]
alpha=0.0001: [2.99786837 2.99715783]
alpha=0.0001: [2.99786837 2.99715783]
alpha=0.0001: [2.99786837 2.99715783]
alpha=0.0001: [2.99786837 2.99715783]
alpha=0.0001: [2.99786837 2.99715783]
alpha=0.0001: [2.99786837 2.99715783]
alpha=0.0001: [2.99786837 2.99715783]
alpha=0.0001: [2.99786837 2.99715783]
alpha=0.0001: [2.99786837 2.99715783]
alpha=0.0001: [2.99786837 2.99715783]
alpha=0.0001: [2.99786837 2.99715783]
alpha=0.0001: [2.99786837 2.99715783]
alpha=0.0001: [2.99786837 2.99715783]
alpha=0.0001: [2.99786837 2.99715783]
alpha=0.0001: [2.99786837 2.99715783]
alpha=0.0001: [2.99786837 2.99715783]
alpha=0.0001: [2.99786837 2.99715783]
alpha=0.0001: [2.99786837 2.99715783]
alpha=0.0001: [2.99786837 2.99715783]
alpha=0.0001: [2.99786837 2.99715783]
alpha=0.0001: [2.99786837 2.99715783]
alpha=0.0001: [2.99786837 2.99715783]
alpha=0.0001: [2.99786837 2.99715783]
alpha=0.0001: [2.99786837 2.99715783]
alpha=0.0001: [2.99786837 2.99715783]
alpha=0.0001: [2.99786837 2.99715783]
alpha=0.0001: [2.99786837 2.99715783]
alpha=0.0001: [2.99786837 2.99715783]
alpha=0.0001: [2.99786837 2.99715783]
alpha=0.0001: [2.99786837 2.99715783]
alpha=0.0001: [2.99786837 2.99715783]
alpha=0.0001: [2.99786837 2.99715783]
alpha=0.0001: [2.99786837 2.99715783]
alpha=0.0001: [2.99786837 2.99715783]
alpha=0.0001: [2.99786837 2.99715783]
alpha=0.0001: [2.99786837 2.99715783]
alpha=0.0001: [2.99786837 2.99715783]
alpha=0.0001: [2.99786837 2.99715783]
alpha=0.0001: [2.99786837 2.99715783]
alpha=0.0001: [2.99786837 2.99715783]
alpha=0.0001: [2.99786837 2.99715783]
alpha=0.0001: [2.99786837 2.99715783]
alpha=0.0001: [2.99786837 2.99715783]
alpha=0.0001: [2.99786837 2.99715783]
alpha=0.0001: [2.99786837 2.99715783]
alpha=0.0001: [2.99786837 2.99715783]
alpha=0.0001: [2.99786837 2.99715783]
alpha=0.0001: [2.99786837 2.99715783]
alpha=0.0001: [2.99786837 2.99715783]
alpha=0.0001: [2.99786837 2.99715783]
alpha=0.0001: [2.99786837 2.99715783]
alpha=0.0001: [2.99786837 2.99715783]
alpha=0.0001: [2.99786837 2.99715783]
alpha=0.0001: [2.99786837 2.99715783]
alpha=0.0001: [2.99786837 2.99715783]
alpha=0.0001: [2.99786837 2.99715783]
alpha=0.0001: [2.99786837 2.99715783]
alpha=0.0001: [2.99786837 2.99715783]
alpha=0.0001: [2.99786837 2.99715783]
alpha=0.0001: [2.99786837 2.99715783]
alpha=0.0001: [2.99786837 2.99715783]
alpha=0.0001: [2.99786837 2.99715783]
alpha=0.0001: [2.99786837 2.99715783]
alpha=0.0001: [2.99786837 2.99715783]
alpha=0.0001: [2.99786837 2.99715783]
alpha=0.0001: [2.99786837 2.99715783]
alpha=0.0001: [2.99786837 2.99715783]
alpha=0.0001: [2.99786837 2.99715783]
alpha=0.0001: [2.99786837 2.99715783]
alpha=0.0001: [2.99786837 2.99715783]
alpha=0.0001: [2.99786837 2.99715783]
alpha=0.0001: [2.99786837 2.99715783]
alpha=0.0001: [2.99786837 2.99715783]
alpha=0.0001: [2.99786837 2.99715783]
alpha=0.0001: [2.99786837 2.99715783]
alpha=0.0001: [2.99786837 2.99715783]
alpha=0.0001: [2.99786837 2.99715783]
alpha=0.0001: [2.99786837 2.99715783]
alpha=0.0001: [2.99786837 2.99715783]
alpha=0.0001: [2.99786837 2.99715783]
alpha=0.0001: [2.99786837 2.99715783]
alpha=0.0001: [2.99786837 2.99715783]
alpha=0.0001: [2.99786837 2.99715783]
alpha=0.0001: [2.99786837 2.99715783]
alpha=0.0001: [2.99786837 2.99715783]
alpha=0.0001: [2.99786837 2.99715783]
alpha=0.0001: [2.99786837 2.99715783]
alpha=0.0001: [2.99786837 2.99715783]
alpha=0.0001: [2.99786837 2.99715783]
alpha=0.0001: [2.99786837 2.99715783]
alpha=0.0001: [2.99786837 2.99715783]
alpha=0.0001: [2.99786837 2.99715783]
alpha=0.0001: [2.99786837 2.99715783]
alpha=0.0001: [2.99786837 2.99715783]
alpha=0.0001: [2.99786837 2.99715783]
alpha=0.0001: [2.99786837 2.99715783]
alpha=0.0001: [2.99786837 2.99715783]
alpha=0.0001: [2.99786837 2.99715783]
alpha=0.0001: [2.99786837 2.99715783]
alpha=0.0001: [2.99786837 2.99715783]
alpha=0.0001: [2.99786837 2.99715783]
alpha=0.0001: [2.99786837 2.99715783]
alpha=0.0001: [2.99786837 2.99715783]
alpha=0.0001: [2.99786837 2.99715783]
alpha=0.0001: [2.99786837 2.99715783]
alpha=0.0001: [2.99786837 2.99715783]
alpha=0.0001: [2.99786837 2.99715783]
alpha=0.0001: [2.99786837 2.99715783]
alpha=0.0001: [2.99786837 2.99715783]
alpha=0.0001: [2.99786837 2.99715783]
alpha=0.0001: [2.99786837 2.99715783]
alpha=0.0001: [2.99786837 2.99715783]
alpha=0.0001: [2.99786837 2.99715783]
alpha=0.0001: [2.99786837 2.99715783]
alpha=0.0001: [2.99786837 2.99715783]
alpha=0.0001: [2.99786837 2.99715783]
alpha=0.0001: [2.99786837 2.99715783]
alpha=0.0001: [2.99786837 2.99715783]
alpha=0.0001: [2.99786837 2.99715783]
alpha=0.0001: [2.99786837 2.99715783]
alpha=0.0001: [2.99786837 2.99715783]
alpha=0.0001: [2.99786837 2.99715783]
alpha=0.0001: [2.99786837 2.99715783]
alpha=0.0001: [2.99786837 2.99715783]
alpha=0.0001: [2.99786837 2.99715783]
alpha=0.0001: [2.99786837 2.99715783]
alpha=0.0001: [2.99786837 2.99715783]
alpha=0.0001: [2.99786837 2.99715783]
alpha=0.0001: [2.99786837 2.99715783]
alpha=0.0001: [2.99786837 2.99715783]
alpha=0.0001: [2.99786837 2.99715783]
alpha=0.0001: [2.99786837 2.99715783]
alpha=0.0001: [2.99786837 2.99715783]
alpha=0.0001: [2.99786837 2.99715783]
alpha=0.0001: [2.99786837 2.99715783]
alpha=0.0001: [2.99786837 2.99715783]
alpha=0.0001: [2.99786837 2.99715783]
alpha=0.0001: [2.99786837 2.99715783]
alpha=0.0001: [2.99786837 2.99715783]
alpha=0.0001: [2.99786837 2.99715783]
alpha=0.0001: [2.99786837 2.99715783]
alpha=0.0001: [2.99786837 2.99715783]
alpha=0.0001: [2.99786837 2.99715783]
alpha=0.0001: [2.99786837 2.99715783]
alpha=0.0001: [2.99786837 2.99715783]
alpha=0.0001: [2.99786837 2.99715783]
alpha=0.0001: [2.99786837 2.99715783]
alpha=0.0001: [2.99786837 2.99715783]
alpha=0.0001: [2.99786837 2.99715783]
alpha=0.0001: [2.99786837 2.99715783]
alpha=0.0001: [2.99786837 2.99715783]
alpha=0.0001: [2.99786837 2.99715783]
alpha=0.0001: [2.99786837 2.99715783]
alpha=0.0001: [2.99786837 2.99715783]
alpha=0.0001: [2.99786837 2.99715783]
alpha=0.0001: [2.99786837 2.99715783]
alpha=0.0001: [2.99786837 2.99715783]
alpha=0.0001: [2.99786837 2.99715783]
alpha=0.0001: [2.99786837 2.99715783]
alpha=0.0001: [2.99786837 2.99715783]
alpha=0.0001: [2.99786837 2.99715783]
alpha=0.0001: [2.99786837 2.99715783]
alpha=0.0001: [2.99786837 2.99715783]
alpha=0.0001: [2.99786837 2.99715783]
alpha=0.0001: [2.99786837 2.99715783]
alpha=0.0001: [2.99786837 2.99715783]
alpha=0.0001: [2.99786837 2.99715783]
alpha=0.0001: [2.99786837 2.99715783]
alpha=0.0001: [2.99786837 2.99715783]
alpha=0.0001: [2.99786837 2.99715783]
alpha=0.0001: [2.99786837 2.99715783]
alpha=0.0001: [2.99786837 2.99715783]
alpha=0.0001: [2.99786837 2.99715783]
alpha=0.0001: [2.99786837 2.99715783]
alpha=0.0001: [2.99786837 2.99715783]
alpha=0.0001: [2.99786837 2.99715783]
alpha=0.0001: [2.99786837 2.99715783]
alpha=0.0001: [2.99786837 2.99715783]
alpha=0.0001: [2.99786837 2.99715783]
alpha=0.0001: [2.99786837 2.99715783]
