Running MCMC with 8 parallel chains...

Chain 1 Iteration:    1 / 2000 [  0%]  (Warmup) 
Chain 2 Iteration:    1 / 2000 [  0%]  (Warmup) 
Chain 3 Iteration:    1 / 2000 [  0%]  (Warmup) 
Chain 4 Iteration:    1 / 2000 [  0%]  (Warmup) 
Chain 5 Iteration:    1 / 2000 [  0%]  (Warmup) 
Chain 6 Iteration:    1 / 2000 [  0%]  (Warmup) 
Chain 7 Iteration:    1 / 2000 [  0%]  (Warmup) 
Chain 8 Iteration:    1 / 2000 [  0%]  (Warmup) 
Chain 4 Iteration:  100 / 2000 [  5%]  (Warmup) 
Chain 2 Iteration:  100 / 2000 [  5%]  (Warmup) 
Chain 1 Iteration:  100 / 2000 [  5%]  (Warmup) 
Chain 7 Iteration:  100 / 2000 [  5%]  (Warmup) 
Chain 5 Iteration:  100 / 2000 [  5%]  (Warmup) 
Chain 6 Iteration:  100 / 2000 [  5%]  (Warmup) 
Chain 8 Iteration:  100 / 2000 [  5%]  (Warmup) 
Chain 3 Iteration:  100 / 2000 [  5%]  (Warmup) 
Chain 4 Iteration:  200 / 2000 [ 10%]  (Warmup) 
Chain 2 Iteration:  200 / 2000 [ 10%]  (Warmup) 
Chain 7 Iteration:  200 / 2000 [ 10%]  (Warmup) 
Chain 4 Iteration:  300 / 2000 [ 15%]  (Warmup) 
Chain 2 Iteration:  300 / 2000 [ 15%]  (Warmup) 
Chain 7 Iteration:  300 / 2000 [ 15%]  (Warmup) 
Chain 4 Iteration:  400 / 2000 [ 20%]  (Warmup) 
Chain 2 Iteration:  400 / 2000 [ 20%]  (Warmup) 
Chain 7 Iteration:  400 / 2000 [ 20%]  (Warmup) 
Chain 8 Iteration:  200 / 2000 [ 10%]  (Warmup) 
Chain 3 Iteration:  200 / 2000 [ 10%]  (Warmup) 
Chain 7 Iteration:  500 / 2000 [ 25%]  (Warmup) 
Chain 4 Iteration:  500 / 2000 [ 25%]  (Warmup) 
Chain 2 Iteration:  500 / 2000 [ 25%]  (Warmup) 
Chain 1 Iteration:  200 / 2000 [ 10%]  (Warmup) 
Chain 5 Iteration:  200 / 2000 [ 10%]  (Warmup) 
Chain 8 Iteration:  300 / 2000 [ 15%]  (Warmup) 
Chain 7 Iteration:  600 / 2000 [ 30%]  (Warmup) 
Chain 6 Iteration:  200 / 2000 [ 10%]  (Warmup) 
Chain 2 Iteration:  600 / 2000 [ 30%]  (Warmup) 
Chain 4 Iteration:  600 / 2000 [ 30%]  (Warmup) 
Chain 8 Iteration:  400 / 2000 [ 20%]  (Warmup) 
Chain 7 Iteration:  700 / 2000 [ 35%]  (Warmup) 
Chain 4 Iteration:  700 / 2000 [ 35%]  (Warmup) 
Chain 2 Iteration:  700 / 2000 [ 35%]  (Warmup) 
Chain 8 Iteration:  500 / 2000 [ 25%]  (Warmup) 
Chain 7 Iteration:  800 / 2000 [ 40%]  (Warmup) 
Chain 4 Iteration:  800 / 2000 [ 40%]  (Warmup) 
Chain 2 Iteration:  800 / 2000 [ 40%]  (Warmup) 
Chain 7 Iteration:  900 / 2000 [ 45%]  (Warmup) 
Chain 8 Iteration:  600 / 2000 [ 30%]  (Warmup) 
Chain 2 Iteration:  900 / 2000 [ 45%]  (Warmup) 
Chain 4 Iteration:  900 / 2000 [ 45%]  (Warmup) 
Chain 8 Iteration:  700 / 2000 [ 35%]  (Warmup) 
Chain 3 Iteration:  300 / 2000 [ 15%]  (Warmup) 
Chain 7 Iteration: 1000 / 2000 [ 50%]  (Warmup) 
Chain 7 Iteration: 1001 / 2000 [ 50%]  (Sampling) 
Chain 8 Iteration:  800 / 2000 [ 40%]  (Warmup) 
Chain 2 Iteration: 1000 / 2000 [ 50%]  (Warmup) 
Chain 2 Iteration: 1001 / 2000 [ 50%]  (Sampling) 
Chain 4 Iteration: 1000 / 2000 [ 50%]  (Warmup) 
Chain 4 Iteration: 1001 / 2000 [ 50%]  (Sampling) 
Chain 7 Iteration: 1100 / 2000 [ 55%]  (Sampling) 
Chain 8 Iteration:  900 / 2000 [ 45%]  (Warmup) 
Chain 1 Iteration:  300 / 2000 [ 15%]  (Warmup) 
Chain 5 Iteration:  300 / 2000 [ 15%]  (Warmup) 
Chain 6 Iteration:  300 / 2000 [ 15%]  (Warmup) 
Chain 7 Iteration: 1200 / 2000 [ 60%]  (Sampling) 
Chain 2 Iteration: 1100 / 2000 [ 55%]  (Sampling) 
Chain 4 Iteration: 1100 / 2000 [ 55%]  (Sampling) 
Chain 8 Iteration: 1000 / 2000 [ 50%]  (Warmup) 
Chain 8 Iteration: 1001 / 2000 [ 50%]  (Sampling) 
Chain 7 Iteration: 1300 / 2000 [ 65%]  (Sampling) 
Chain 4 Iteration: 1200 / 2000 [ 60%]  (Sampling) 
Chain 2 Iteration: 1200 / 2000 [ 60%]  (Sampling) 
Chain 7 Iteration: 1400 / 2000 [ 70%]  (Sampling) 
Chain 8 Iteration: 1100 / 2000 [ 55%]  (Sampling) 
Chain 7 Iteration: 1500 / 2000 [ 75%]  (Sampling) 
Chain 4 Iteration: 1300 / 2000 [ 65%]  (Sampling) 
Chain 8 Iteration: 1200 / 2000 [ 60%]  (Sampling) 
Chain 2 Iteration: 1300 / 2000 [ 65%]  (Sampling) 
Chain 7 Iteration: 1600 / 2000 [ 80%]  (Sampling) 
Chain 4 Iteration: 1400 / 2000 [ 70%]  (Sampling) 
Chain 8 Iteration: 1300 / 2000 [ 65%]  (Sampling) 
Chain 7 Iteration: 1700 / 2000 [ 85%]  (Sampling) 
Chain 3 Iteration:  400 / 2000 [ 20%]  (Warmup) 
Chain 4 Iteration: 1500 / 2000 [ 75%]  (Sampling) 
Chain 7 Iteration: 1800 / 2000 [ 90%]  (Sampling) 
Chain 2 Iteration: 1400 / 2000 [ 70%]  (Sampling) 
Chain 8 Iteration: 1400 / 2000 [ 70%]  (Sampling) 
Chain 4 Iteration: 1600 / 2000 [ 80%]  (Sampling) 
Chain 6 Iteration:  400 / 2000 [ 20%]  (Warmup) 
Chain 7 Iteration: 1900 / 2000 [ 95%]  (Sampling) 
Chain 1 Iteration:  400 / 2000 [ 20%]  (Warmup) 
Chain 5 Iteration:  400 / 2000 [ 20%]  (Warmup) 
Chain 8 Iteration: 1500 / 2000 [ 75%]  (Sampling) 
Chain 2 Iteration: 1500 / 2000 [ 75%]  (Sampling) 
Chain 4 Iteration: 1700 / 2000 [ 85%]  (Sampling) 
Chain 7 Iteration: 2000 / 2000 [100%]  (Sampling) 
Chain 7 finished in 124.8 seconds.
Chain 8 Iteration: 1600 / 2000 [ 80%]  (Sampling) 
Chain 2 Iteration: 1600 / 2000 [ 80%]  (Sampling) 
Chain 4 Iteration: 1800 / 2000 [ 90%]  (Sampling) 
Chain 8 Iteration: 1700 / 2000 [ 85%]  (Sampling) 
Chain 3 Iteration:  500 / 2000 [ 25%]  (Warmup) 
Chain 2 Iteration: 1700 / 2000 [ 85%]  (Sampling) 
Chain 3 Iteration:  600 / 2000 [ 30%]  (Warmup) 
Chain 4 Iteration: 1900 / 2000 [ 95%]  (Sampling) 
Chain 5 Iteration:  500 / 2000 [ 25%]  (Warmup) 
Chain 8 Iteration: 1800 / 2000 [ 90%]  (Sampling) 
Chain 6 Iteration:  500 / 2000 [ 25%]  (Warmup) 
Chain 1 Iteration:  500 / 2000 [ 25%]  (Warmup) 
Chain 3 Iteration:  700 / 2000 [ 35%]  (Warmup) 
Chain 4 Iteration: 2000 / 2000 [100%]  (Sampling) 
Chain 8 Iteration: 1900 / 2000 [ 95%]  (Sampling) 
Chain 4 finished in 142.0 seconds.
Chain 5 Iteration:  600 / 2000 [ 30%]  (Warmup) 
Chain 6 Iteration:  600 / 2000 [ 30%]  (Warmup) 
Chain 2 Iteration: 1800 / 2000 [ 90%]  (Sampling) 
Chain 1 Iteration:  600 / 2000 [ 30%]  (Warmup) 
Chain 3 Iteration:  800 / 2000 [ 40%]  (Warmup) 
Chain 8 Iteration: 2000 / 2000 [100%]  (Sampling) 
Chain 8 finished in 146.0 seconds.
Chain 5 Iteration:  700 / 2000 [ 35%]  (Warmup) 
Chain 6 Iteration:  700 / 2000 [ 35%]  (Warmup) 
Chain 1 Iteration:  700 / 2000 [ 35%]  (Warmup) 
Chain 6 Iteration:  800 / 2000 [ 40%]  (Warmup) 
Chain 3 Iteration:  900 / 2000 [ 45%]  (Warmup) 
Chain 2 Iteration: 1900 / 2000 [ 95%]  (Sampling) 
Chain 5 Iteration:  800 / 2000 [ 40%]  (Warmup) 
Chain 1 Iteration:  800 / 2000 [ 40%]  (Warmup) 
Chain 6 Iteration:  900 / 2000 [ 45%]  (Warmup) 
Chain 5 Iteration:  900 / 2000 [ 45%]  (Warmup) 
Chain 1 Iteration:  900 / 2000 [ 45%]  (Warmup) 
Chain 3 Iteration: 1000 / 2000 [ 50%]  (Warmup) 
Chain 3 Iteration: 1001 / 2000 [ 50%]  (Sampling) 
Chain 6 Iteration: 1000 / 2000 [ 50%]  (Warmup) 
Chain 6 Iteration: 1001 / 2000 [ 50%]  (Sampling) 
Chain 2 Iteration: 2000 / 2000 [100%]  (Sampling) 
Chain 2 finished in 155.7 seconds.
Chain 1 Iteration: 1000 / 2000 [ 50%]  (Warmup) 
Chain 1 Iteration: 1001 / 2000 [ 50%]  (Sampling) 
Chain 5 Iteration: 1000 / 2000 [ 50%]  (Warmup) 
Chain 5 Iteration: 1001 / 2000 [ 50%]  (Sampling) 
Chain 3 Iteration: 1100 / 2000 [ 55%]  (Sampling) 
Chain 6 Iteration: 1100 / 2000 [ 55%]  (Sampling) 
Chain 1 Iteration: 1100 / 2000 [ 55%]  (Sampling) 
Chain 3 Iteration: 1200 / 2000 [ 60%]  (Sampling) 
Chain 5 Iteration: 1100 / 2000 [ 55%]  (Sampling) 
Chain 6 Iteration: 1200 / 2000 [ 60%]  (Sampling) 
Chain 1 Iteration: 1200 / 2000 [ 60%]  (Sampling) 
Chain 3 Iteration: 1300 / 2000 [ 65%]  (Sampling) 
Chain 5 Iteration: 1200 / 2000 [ 60%]  (Sampling) 
Chain 6 Iteration: 1300 / 2000 [ 65%]  (Sampling) 
Chain 3 Iteration: 1400 / 2000 [ 70%]  (Sampling) 
Chain 1 Iteration: 1300 / 2000 [ 65%]  (Sampling) 
Chain 5 Iteration: 1300 / 2000 [ 65%]  (Sampling) 
Chain 6 Iteration: 1400 / 2000 [ 70%]  (Sampling) 
Chain 3 Iteration: 1500 / 2000 [ 75%]  (Sampling) 
Chain 5 Iteration: 1400 / 2000 [ 70%]  (Sampling) 
Chain 6 Iteration: 1500 / 2000 [ 75%]  (Sampling) 
Chain 1 Iteration: 1400 / 2000 [ 70%]  (Sampling) 
Chain 5 Iteration: 1500 / 2000 [ 75%]  (Sampling) 
Chain 3 Iteration: 1600 / 2000 [ 80%]  (Sampling) 
Chain 6 Iteration: 1600 / 2000 [ 80%]  (Sampling) 
Chain 5 Iteration: 1600 / 2000 [ 80%]  (Sampling) 
Chain 1 Iteration: 1500 / 2000 [ 75%]  (Sampling) 
Chain 5 Iteration: 1700 / 2000 [ 85%]  (Sampling) 
Chain 6 Iteration: 1700 / 2000 [ 85%]  (Sampling) 
Chain 3 Iteration: 1700 / 2000 [ 85%]  (Sampling) 
Chain 1 Iteration: 1600 / 2000 [ 80%]  (Sampling) 
Chain 5 Iteration: 1800 / 2000 [ 90%]  (Sampling) 
Chain 6 Iteration: 1800 / 2000 [ 90%]  (Sampling) 
Chain 3 Iteration: 1800 / 2000 [ 90%]  (Sampling) 
Chain 5 Iteration: 1900 / 2000 [ 95%]  (Sampling) 
Chain 1 Iteration: 1700 / 2000 [ 85%]  (Sampling) 
Chain 6 Iteration: 1900 / 2000 [ 95%]  (Sampling) 
Chain 5 Iteration: 2000 / 2000 [100%]  (Sampling) 
Chain 5 finished in 194.5 seconds.
Chain 3 Iteration: 1900 / 2000 [ 95%]  (Sampling) 
Chain 1 Iteration: 1800 / 2000 [ 90%]  (Sampling) 
Chain 6 Iteration: 2000 / 2000 [100%]  (Sampling) 
Chain 6 finished in 197.5 seconds.
Chain 3 Iteration: 2000 / 2000 [100%]  (Sampling) 
Chain 3 finished in 200.3 seconds.
Chain 1 Iteration: 1900 / 2000 [ 95%]  (Sampling) 
Chain 1 Iteration: 2000 / 2000 [100%]  (Sampling) 
Chain 1 finished in 203.3 seconds.

All 8 chains finished successfully.
Mean chain execution time: 170.5 seconds.
Total execution time: 203.4 seconds.

# slope and intercept
[1] "Accuracy test:  0.788423153692615"
[1] "Accuracy train:  0.782"

# slope only
[1] "Accuracy test:  0.792415169660679"
[1] "Accuracy train:  0.7795"
