Running MCMC with 8 parallel chains...

Chain 1 Iteration:    1 / 2000 [  0%]  (Warmup) 
Chain 1 Iteration:  100 / 2000 [  5%]  (Warmup) 
Chain 1 Iteration:  200 / 2000 [ 10%]  (Warmup) 
Chain 1 Iteration:  300 / 2000 [ 15%]  (Warmup) 
Chain 1 Iteration:  400 / 2000 [ 20%]  (Warmup) 
Chain 1 Iteration:  500 / 2000 [ 25%]  (Warmup) 
Chain 1 Iteration:  600 / 2000 [ 30%]  (Warmup) 
Chain 1 Iteration:  700 / 2000 [ 35%]  (Warmup) 
Chain 1 Iteration:  800 / 2000 [ 40%]  (Warmup) 
Chain 1 Iteration:  900 / 2000 [ 45%]  (Warmup) 
Chain 1 Iteration: 1000 / 2000 [ 50%]  (Warmup) 
Chain 1 Iteration: 1001 / 2000 [ 50%]  (Sampling) 
Chain 1 Iteration: 1100 / 2000 [ 55%]  (Sampling) 
Chain 2 Iteration:    1 / 2000 [  0%]  (Warmup) 
Chain 2 Iteration:  100 / 2000 [  5%]  (Warmup) 
Chain 2 Iteration:  200 / 2000 [ 10%]  (Warmup) 
Chain 2 Iteration:  300 / 2000 [ 15%]  (Warmup) 
Chain 2 Iteration:  400 / 2000 [ 20%]  (Warmup) 
Chain 2 Iteration:  500 / 2000 [ 25%]  (Warmup) 
Chain 2 Iteration:  600 / 2000 [ 30%]  (Warmup) 
Chain 2 Iteration:  700 / 2000 [ 35%]  (Warmup) 
Chain 2 Iteration:  800 / 2000 [ 40%]  (Warmup) 
Chain 2 Iteration:  900 / 2000 [ 45%]  (Warmup) 
Chain 2 Iteration: 1000 / 2000 [ 50%]  (Warmup) 
Chain 2 Iteration: 1001 / 2000 [ 50%]  (Sampling) 
Chain 2 Iteration: 1100 / 2000 [ 55%]  (Sampling) 
Chain 2 Iteration: 1200 / 2000 [ 60%]  (Sampling) 
Chain 2 Iteration: 1300 / 2000 [ 65%]  (Sampling) 
Chain 2 Iteration: 1400 / 2000 [ 70%]  (Sampling) 
Chain 2 Iteration: 1500 / 2000 [ 75%]  (Sampling) 
Chain 3 Iteration:    1 / 2000 [  0%]  (Warmup) 
Chain 3 Iteration:  100 / 2000 [  5%]  (Warmup) 
Chain 3 Iteration:  200 / 2000 [ 10%]  (Warmup) 
Chain 3 Iteration:  300 / 2000 [ 15%]  (Warmup) 
Chain 3 Iteration:  400 / 2000 [ 20%]  (Warmup) 
Chain 3 Iteration:  500 / 2000 [ 25%]  (Warmup) 
Chain 3 Iteration:  600 / 2000 [ 30%]  (Warmup) 
Chain 3 Iteration:  700 / 2000 [ 35%]  (Warmup) 
Chain 3 Iteration:  800 / 2000 [ 40%]  (Warmup) 
Chain 3 Iteration:  900 / 2000 [ 45%]  (Warmup) 
Chain 3 Iteration: 1000 / 2000 [ 50%]  (Warmup) 
Chain 3 Iteration: 1001 / 2000 [ 50%]  (Sampling) 
Chain 3 Iteration: 1100 / 2000 [ 55%]  (Sampling) 
Chain 4 Iteration:    1 / 2000 [  0%]  (Warmup) 
Chain 4 Iteration:  100 / 2000 [  5%]  (Warmup) 
Chain 4 Iteration:  200 / 2000 [ 10%]  (Warmup) 
Chain 4 Iteration:  300 / 2000 [ 15%]  (Warmup) 
Chain 4 Iteration:  400 / 2000 [ 20%]  (Warmup) 
Chain 4 Iteration:  500 / 2000 [ 25%]  (Warmup) 
Chain 4 Iteration:  600 / 2000 [ 30%]  (Warmup) 
Chain 4 Iteration:  700 / 2000 [ 35%]  (Warmup) 
Chain 4 Iteration:  800 / 2000 [ 40%]  (Warmup) 
Chain 4 Iteration:  900 / 2000 [ 45%]  (Warmup) 
Chain 4 Iteration: 1000 / 2000 [ 50%]  (Warmup) 
Chain 4 Iteration: 1001 / 2000 [ 50%]  (Sampling) 
Chain 4 Iteration: 1100 / 2000 [ 55%]  (Sampling) 
Chain 4 Iteration: 1200 / 2000 [ 60%]  (Sampling) 
Chain 4 Iteration: 1300 / 2000 [ 65%]  (Sampling) 
Chain 4 Iteration: 1400 / 2000 [ 70%]  (Sampling) 
Chain 4 Iteration: 1500 / 2000 [ 75%]  (Sampling) 
Chain 4 Iteration: 1600 / 2000 [ 80%]  (Sampling) 
Chain 5 Iteration:    1 / 2000 [  0%]  (Warmup) 
Chain 5 Iteration:  100 / 2000 [  5%]  (Warmup) 
Chain 5 Iteration:  200 / 2000 [ 10%]  (Warmup) 
Chain 5 Iteration:  300 / 2000 [ 15%]  (Warmup) 
Chain 5 Iteration:  400 / 2000 [ 20%]  (Warmup) 
Chain 5 Iteration:  500 / 2000 [ 25%]  (Warmup) 
Chain 5 Iteration:  600 / 2000 [ 30%]  (Warmup) 
Chain 5 Iteration:  700 / 2000 [ 35%]  (Warmup) 
Chain 5 Iteration:  800 / 2000 [ 40%]  (Warmup) 
Chain 5 Iteration:  900 / 2000 [ 45%]  (Warmup) 
Chain 5 Iteration: 1000 / 2000 [ 50%]  (Warmup) 
Chain 5 Iteration: 1001 / 2000 [ 50%]  (Sampling) 
Chain 5 Iteration: 1100 / 2000 [ 55%]  (Sampling) 
Chain 5 Iteration: 1200 / 2000 [ 60%]  (Sampling) 
Chain 5 Iteration: 1300 / 2000 [ 65%]  (Sampling) 
Chain 6 Iteration:    1 / 2000 [  0%]  (Warmup) 
Chain 6 Iteration:  100 / 2000 [  5%]  (Warmup) 
Chain 6 Iteration:  200 / 2000 [ 10%]  (Warmup) 
Chain 6 Iteration:  300 / 2000 [ 15%]  (Warmup) 
Chain 6 Iteration:  400 / 2000 [ 20%]  (Warmup) 
Chain 6 Iteration:  500 / 2000 [ 25%]  (Warmup) 
Chain 6 Iteration:  600 / 2000 [ 30%]  (Warmup) 
Chain 6 Iteration:  700 / 2000 [ 35%]  (Warmup) 
Chain 6 Iteration:  800 / 2000 [ 40%]  (Warmup) 
Chain 6 Iteration:  900 / 2000 [ 45%]  (Warmup) 
Chain 6 Iteration: 1000 / 2000 [ 50%]  (Warmup) 
Chain 6 Iteration: 1001 / 2000 [ 50%]  (Sampling) 
Chain 6 Iteration: 1100 / 2000 [ 55%]  (Sampling) 
Chain 6 Iteration: 1200 / 2000 [ 60%]  (Sampling) 
Chain 6 Iteration: 1300 / 2000 [ 65%]  (Sampling) 
Chain 6 Iteration: 1400 / 2000 [ 70%]  (Sampling) 
Chain 6 Iteration: 1500 / 2000 [ 75%]  (Sampling) 
Chain 6 Iteration: 1600 / 2000 [ 80%]  (Sampling) 
Chain 7 Iteration:    1 / 2000 [  0%]  (Warmup) 
Chain 7 Iteration:  100 / 2000 [  5%]  (Warmup) 
Chain 7 Iteration:  200 / 2000 [ 10%]  (Warmup) 
Chain 7 Iteration:  300 / 2000 [ 15%]  (Warmup) 
Chain 7 Iteration:  400 / 2000 [ 20%]  (Warmup) 
Chain 7 Iteration:  500 / 2000 [ 25%]  (Warmup) 
Chain 7 Iteration:  600 / 2000 [ 30%]  (Warmup) 
Chain 7 Iteration:  700 / 2000 [ 35%]  (Warmup) 
Chain 7 Iteration:  800 / 2000 [ 40%]  (Warmup) 
Chain 8 Iteration:    1 / 2000 [  0%]  (Warmup) 
Chain 8 Iteration:  100 / 2000 [  5%]  (Warmup) 
Chain 8 Iteration:  200 / 2000 [ 10%]  (Warmup) 
Chain 8 Iteration:  300 / 2000 [ 15%]  (Warmup) 
Chain 8 Iteration:  400 / 2000 [ 20%]  (Warmup) 
Chain 8 Iteration:  500 / 2000 [ 25%]  (Warmup) 
Chain 8 Iteration:  600 / 2000 [ 30%]  (Warmup) 
Chain 8 Iteration:  700 / 2000 [ 35%]  (Warmup) 
Chain 8 Iteration:  800 / 2000 [ 40%]  (Warmup) 
Chain 8 Iteration:  900 / 2000 [ 45%]  (Warmup) 
Chain 8 Iteration: 1000 / 2000 [ 50%]  (Warmup) 
Chain 8 Iteration: 1001 / 2000 [ 50%]  (Sampling) 
Chain 8 Iteration: 1100 / 2000 [ 55%]  (Sampling) 
Chain 8 Iteration: 1200 / 2000 [ 60%]  (Sampling) 
Chain 1 Iteration: 1200 / 2000 [ 60%]  (Sampling) 
Chain 1 Iteration: 1300 / 2000 [ 65%]  (Sampling) 
Chain 1 Iteration: 1400 / 2000 [ 70%]  (Sampling) 
Chain 1 Iteration: 1500 / 2000 [ 75%]  (Sampling) 
Chain 1 Iteration: 1600 / 2000 [ 80%]  (Sampling) 
Chain 1 Iteration: 1700 / 2000 [ 85%]  (Sampling) 
Chain 1 Iteration: 1800 / 2000 [ 90%]  (Sampling) 
Chain 1 Iteration: 1900 / 2000 [ 95%]  (Sampling) 
Chain 1 Iteration: 2000 / 2000 [100%]  (Sampling) 
Chain 1 finished in 0.7 seconds.
Chain 2 Iteration: 1600 / 2000 [ 80%]  (Sampling) 
Chain 2 Iteration: 1700 / 2000 [ 85%]  (Sampling) 
Chain 2 Iteration: 1800 / 2000 [ 90%]  (Sampling) 
Chain 2 Iteration: 1900 / 2000 [ 95%]  (Sampling) 
Chain 2 Iteration: 2000 / 2000 [100%]  (Sampling) 
Chain 2 finished in 0.8 seconds.
Chain 4 Iteration: 1700 / 2000 [ 85%]  (Sampling) 
Chain 4 Iteration: 1800 / 2000 [ 90%]  (Sampling) 
Chain 4 Iteration: 1900 / 2000 [ 95%]  (Sampling) 
Chain 4 Iteration: 2000 / 2000 [100%]  (Sampling) 
Chain 4 finished in 0.8 seconds.
Chain 3 Iteration: 1200 / 2000 [ 60%]  (Sampling) 
Chain 3 Iteration: 1300 / 2000 [ 65%]  (Sampling) 
Chain 3 Iteration: 1400 / 2000 [ 70%]  (Sampling) 
Chain 3 Iteration: 1500 / 2000 [ 75%]  (Sampling) 
Chain 3 Iteration: 1600 / 2000 [ 80%]  (Sampling) 
Chain 3 Iteration: 1700 / 2000 [ 85%]  (Sampling) 
Chain 3 Iteration: 1800 / 2000 [ 90%]  (Sampling) 
Chain 5 Iteration: 1400 / 2000 [ 70%]  (Sampling) 
Chain 5 Iteration: 1500 / 2000 [ 75%]  (Sampling) 
Chain 5 Iteration: 1600 / 2000 [ 80%]  (Sampling) 
Chain 5 Iteration: 1700 / 2000 [ 85%]  (Sampling) 
Chain 5 Iteration: 1800 / 2000 [ 90%]  (Sampling) 
Chain 5 Iteration: 1900 / 2000 [ 95%]  (Sampling) 
Chain 6 Iteration: 1700 / 2000 [ 85%]  (Sampling) 
Chain 6 Iteration: 1800 / 2000 [ 90%]  (Sampling) 
Chain 6 Iteration: 1900 / 2000 [ 95%]  (Sampling) 
Chain 6 Iteration: 2000 / 2000 [100%]  (Sampling) 
Chain 7 Iteration:  900 / 2000 [ 45%]  (Warmup) 
Chain 7 Iteration: 1000 / 2000 [ 50%]  (Warmup) 
Chain 7 Iteration: 1001 / 2000 [ 50%]  (Sampling) 
Chain 7 Iteration: 1100 / 2000 [ 55%]  (Sampling) 
Chain 7 Iteration: 1200 / 2000 [ 60%]  (Sampling) 
Chain 7 Iteration: 1300 / 2000 [ 65%]  (Sampling) 
Chain 7 Iteration: 1400 / 2000 [ 70%]  (Sampling) 
Chain 7 Iteration: 1500 / 2000 [ 75%]  (Sampling) 
Chain 8 Iteration: 1300 / 2000 [ 65%]  (Sampling) 
Chain 8 Iteration: 1400 / 2000 [ 70%]  (Sampling) 
Chain 8 Iteration: 1500 / 2000 [ 75%]  (Sampling) 
Chain 8 Iteration: 1600 / 2000 [ 80%]  (Sampling) 
Chain 5 Iteration: 2000 / 2000 [100%]  (Sampling) 
Chain 5 finished in 1.0 seconds.
Chain 6 finished in 0.8 seconds.
Chain 3 Iteration: 1900 / 2000 [ 95%]  (Sampling) 
Chain 3 Iteration: 2000 / 2000 [100%]  (Sampling) 
Chain 7 Iteration: 1600 / 2000 [ 80%]  (Sampling) 
Chain 7 Iteration: 1700 / 2000 [ 85%]  (Sampling) 
Chain 7 Iteration: 1800 / 2000 [ 90%]  (Sampling) 
Chain 7 Iteration: 1900 / 2000 [ 95%]  (Sampling) 
Chain 7 Iteration: 2000 / 2000 [100%]  (Sampling) 
Chain 8 Iteration: 1700 / 2000 [ 85%]  (Sampling) 
Chain 8 Iteration: 1800 / 2000 [ 90%]  (Sampling) 
Chain 8 Iteration: 1900 / 2000 [ 95%]  (Sampling) 
Chain 8 Iteration: 2000 / 2000 [100%]  (Sampling) 
Chain 3 finished in 1.0 seconds.
Chain 7 finished in 1.0 seconds.
Chain 8 finished in 0.9 seconds.

All 8 chains finished successfully.
Mean chain execution time: 0.9 seconds.
Total execution time: 1.3 seconds.

 Family: gaussian 
  Links: mu = identity; sigma = identity 
Formula: points ~ 1 + Crisp + Dry + Finish + Firm + Fresh + Fruit + Full + Rich + Round + Soft + Sweet + log_price 
   Data: df (Number of observations: 2000) 
  Draws: 8 chains, each with iter = 2000; warmup = 1000; thin = 1;
         total post-warmup draws = 8000

Regression Coefficients:
          Estimate Est.Error l-95% CI u-95% CI Rhat Bulk_ESS Tail_ESS
Intercept    79.66      0.23    79.21    80.12 1.00    18380     5243
Crisp        -0.32      0.13    -0.57    -0.06 1.00    18663     6491
Dry           0.06      0.13    -0.19     0.31 1.00    17376     6665
Finish       -0.02      0.11    -0.24     0.20 1.00    18697     5803
Firm          0.24      0.15    -0.04     0.54 1.00    18511     6298
Fresh         0.01      0.10    -0.20     0.20 1.00    20167     6163
Fruit         0.27      0.10     0.07     0.47 1.00    18284     6017
Full          0.23      0.11     0.01     0.46 1.00    17759     6812
Rich          1.17      0.11     0.96     1.38 1.00    14821     5850
Round         0.08      0.14    -0.20     0.37 1.00    20089     5523
Soft         -0.87      0.12    -1.10    -0.64 1.00    17585     6597
Sweet        -0.11      0.15    -0.41     0.19 1.00    17076     5788
log_price     2.51      0.06     2.40     2.63 1.00    17589     5749

Further Distributional Parameters:
      Estimate Est.Error l-95% CI u-95% CI Rhat Bulk_ESS Tail_ESS
sigma     2.05      0.03     1.98     2.11 1.00    18073     5249

Draws were sampled using sample(hmc). For each parameter, Bulk_ESS
and Tail_ESS are effective sample size measures, and Rhat is the potential
scale reduction factor on split chains (at convergence, Rhat = 1).
[1] "model saved"
[1] "accuracy test: 0.808383233532934"
[1] "accuracy train: 0.78"
